<?xml version="1.0" encoding="UTF-8"?>
<testsuite xmlns:xsi="http://www.w3.org/2001/XMLSchema-instance" xsi:noNamespaceSchemaLocation="https://maven.apache.org/surefire/maven-surefire-plugin/xsd/surefire-test-report-3.0.xsd" version="3.0" name="com.farmintel.project.ProjectApplicationTests" time="36.305" tests="1" errors="0" skipped="0" failures="0">
  <properties>
[...]
</properties>
  <testcase name="contextLoads" classname="com.farmintel.project.ProjectApplicationTests" time="2.294">
    <system-out><![CDATA[19:58:08.905 [main] INFO org.springframework.test.context.support.AnnotationConfigContextLoaderUtils -- Could not detect default configuration classes for test class [com.farmintel.project.ProjectApplicationTests]: ProjectApplicationTests does not declare any static, non-private, non-final, nested classes annotated with @Configuration.
19:58:10.273 [main] INFO org.springframework.boot.test.context.SpringBootTestContextBootstrapper -- Found @SpringBootConfiguration com.farmintel.project.ProjectApplication for test class com.farmintel.project.ProjectApplicationTests
19:58:11.617 [main] INFO org.springframework.boot.devtools.restart.RestartApplicationListener -- Restart disabled due to context in which it is running

  .   ____          _            __ _ _
 /\\ / ___'_ __ _ _(_)_ __  __ _ \ \ \ \
( ( )\___ | '_ | '_| | '_ \/ _` | \ \ \ \
 \\/  ___)| |_)| | | | | || (_| |  ) ) ) )
  '  |____| .__|_| |_|_| |_\__, | / / / /
 =========|_|==============|___/=/_/_/_/
 :: Spring Boot ::                (v3.2.5)

2026-06-03T19:58:12.961+05:30  INFO 10016 --- [project] [           main] c.f.project.ProjectApplicationTests      : Starting ProjectApplicationTests using Java 17.0.12 with PID 10016 (started by swath in C:\Users\swath\OneDrive\Desktop\farmintel\project)
2026-06-03T19:58:12.967+05:30  INFO 10016 --- [project] [           main] c.f.project.ProjectApplicationTests      : No active profile set, falling back to 1 default profile: "default"
2026-06-03T19:58:16.979+05:30  INFO 10016 --- [project] [           main] .s.d.r.c.RepositoryConfigurationDelegate : Bootstrapping Spring Data JPA repositories in DEFAULT mode.
2026-06-03T19:58:17.654+05:30  INFO 10016 --- [project] [           main] .s.d.r.c.RepositoryConfigurationDelegate : Finished Spring Data repository scanning in 624 ms. Found 7 JPA repository interfaces.
2026-06-03T19:58:20.091+05:30  INFO 10016 --- [project] [           main] o.hibernate.jpa.internal.util.LogHelper  : HHH000204: Processing PersistenceUnitInfo [name: default]
2026-06-03T19:58:20.587+05:30  INFO 10016 --- [project] [           main] org.hibernate.Version                    : HHH000412: Hibernate ORM core version 6.4.4.Final
2026-06-03T19:58:20.911+05:30  INFO 10016 --- [project] [           main] o.h.c.internal.RegionFactoryInitiator    : HHH000026: Second-level cache disabled
2026-06-03T19:58:24.061+05:30  INFO 10016 --- [project] [           main] o.s.o.j.p.SpringPersistenceUnitInfo      : No LoadTimeWeaver setup: ignoring JPA class transformer
2026-06-03T19:58:24.215+05:30  INFO 10016 --- [project] [           main] com.zaxxer.hikari.HikariDataSource       : HikariPool-1 - Starting...
2026-06-03T19:58:25.025+05:30  INFO 10016 --- [project] [           main] com.zaxxer.hikari.pool.HikariPool        : HikariPool-1 - Added connection org.postgresql.jdbc.PgConnection@adafe19
2026-06-03T19:58:25.033+05:30  INFO 10016 --- [project] [           main] com.zaxxer.hikari.HikariDataSource       : HikariPool-1 - Start completed.
2026-06-03T19:58:25.170+05:30  WARN 10016 --- [project] [           main] org.hibernate.orm.deprecation            : HHH90000025: PostgreSQLDialect does not need to be specified explicitly using 'hibernate.dialect' (remove the property setting and it will be selected by default)
2026-06-03T19:58:25.303+05:30 DEBUG 10016 --- [project] [           main] o.h.t.d.sql.spi.DdlTypeRegistry          : addDescriptor(2003, org.hibernate.type.descriptor.sql.internal.ArrayDdlTypeImpl@67e6eb52) replaced previous registration(org.hibernate.type.descriptor.sql.internal.ArrayDdlTypeImpl@3e8b8f0)
2026-06-03T19:58:25.304+05:30 DEBUG 10016 --- [project] [           main] o.h.t.d.sql.spi.DdlTypeRegistry          : addDescriptor(6, org.hibernate.type.descriptor.sql.internal.CapacityDependentDdlType@5ad57e90) replaced previous registration(org.hibernate.type.descriptor.sql.internal.DdlTypeImpl@1a345298)
2026-06-03T19:58:31.199+05:30  INFO 10016 --- [project] [           main] o.h.e.t.j.p.i.JtaPlatformInitiator       : HHH000489: No JTA platform available (set 'hibernate.transaction.jta.platform' to enable JTA platform integration)
2026-06-03T19:58:32.093+05:30  INFO 10016 --- [project] [           main] j.LocalContainerEntityManagerFactoryBean : Initialized JPA EntityManagerFactory for persistence unit 'default'
2026-06-03T19:58:35.722+05:30  INFO 10016 --- [project] [           main] o.s.d.j.r.query.QueryEnhancerFactory     : Hibernate is in classpath; If applicable, HQL parser will be used.
2026-06-03T19:58:38.503+05:30  WARN 10016 --- [project] [           main] .s.s.UserDetailsServiceAutoConfiguration : 

Using generated security password: b02b629a-1ad1-4897-8c14-e7037ea4070b

This generated password is for development use only. Your security configuration must be updated before running your application in production.

Serving uploads from: C:\Users\swath\OneDrive\Desktop\farmintel\project/uploads/
2026-06-03T19:58:39.715+05:30  INFO 10016 --- [project] [           main] o.s.s.web.DefaultSecurityFilterChain     : Will secure any request with [org.springframework.security.web.session.DisableEncodeUrlFilter@67398bad, org.springframework.security.web.context.request.async.WebAsyncManagerIntegrationFilter@71cdb24, org.springframework.security.web.context.SecurityContextHolderFilter@3dd2a70d, org.springframework.security.web.header.HeaderWriterFilter@1285ec6, org.springframework.web.filter.CorsFilter@33a1bb90, org.springframework.security.web.authentication.logout.LogoutFilter@1b78c34b, org.springframework.security.web.savedrequest.RequestCacheAwareFilter@2620f935, org.springframework.security.web.servletapi.SecurityContextHolderAwareRequestFilter@6a3cb81c, org.springframework.security.web.authentication.AnonymousAuthenticationFilter@520b547c, org.springframework.security.web.access.ExceptionTranslationFilter@720cbb7d, org.springframework.security.web.access.intercept.AuthorizationFilter@154ea177]
2026-06-03T19:58:40.761+05:30  INFO 10016 --- [project] [           main] c.f.project.ProjectApplicationTests      : Started ProjectApplicationTests in 29.264 seconds (process running for 34.911)
2026-06-03T19:58:41.449+05:30 DEBUG 10016 --- [project] [           main] org.hibernate.SQL                        : select r1_0.id,r1_0.name from roles r1_0 where r1_0.name=?
Hibernate: select r1_0.id,r1_0.name from roles r1_0 where r1_0.name=?
2026-06-03T19:58:41.569+05:30 DEBUG 10016 --- [project] [           main] org.hibernate.SQL                        : select r1_0.id,r1_0.name from roles r1_0 where r1_0.name=?
Hibernate: select r1_0.id,r1_0.name from roles r1_0 where r1_0.name=?
2026-06-03T19:58:41.576+05:30 DEBUG 10016 --- [project] [           main] org.hibernate.SQL                        : select r1_0.id,r1_0.name from roles r1_0 where r1_0.name=?
Hibernate: select r1_0.id,r1_0.name from roles r1_0 where r1_0.name=?
2026-06-03T19:58:41.583+05:30 DEBUG 10016 --- [project] [           main] org.hibernate.SQL                        : select r1_0.id,r1_0.name from roles r1_0 where r1_0.name=?
Hibernate: select r1_0.id,r1_0.name from roles r1_0 where r1_0.name=?
2026-06-03T19:58:41.609+05:30 DEBUG 10016 --- [project] [           main] org.hibernate.SQL                        : select u1_0.id,u1_0.address,u1_0.email,u1_0.name,u1_0.password,u1_0.phone,u1_0.reset_token,u1_0.reset_token_expiry,u1_0.role_id from users u1_0 where u1_0.email=?
Hibernate: select u1_0.id,u1_0.address,u1_0.email,u1_0.name,u1_0.password,u1_0.phone,u1_0.reset_token,u1_0.reset_token_expiry,u1_0.role_id from users u1_0 where u1_0.email=?
2026-06-03T19:58:41.629+05:30 DEBUG 10016 --- [project] [           main] org.hibernate.SQL                        : select r1_0.id,r1_0.name from roles r1_0 where r1_0.id=?
Hibernate: select r1_0.id,r1_0.name from roles r1_0 where r1_0.id=?
2026-06-03T19:58:41.646+05:30 DEBUG 10016 --- [project] [           main] org.hibernate.SQL                        : select u1_0.id,u1_0.address,u1_0.email,u1_0.name,u1_0.password,u1_0.phone,u1_0.reset_token,u1_0.reset_token_expiry,u1_0.role_id from users u1_0 where u1_0.email=?
Hibernate: select u1_0.id,u1_0.address,u1_0.email,u1_0.name,u1_0.password,u1_0.phone,u1_0.reset_token,u1_0.reset_token_expiry,u1_0.role_id from users u1_0 where u1_0.email=?
2026-06-03T19:58:41.649+05:30 DEBUG 10016 --- [project] [           main] org.hibernate.SQL                        : select r1_0.id,r1_0.name from roles r1_0 where r1_0.id=?
Hibernate: select r1_0.id,r1_0.name from roles r1_0 where r1_0.id=?
2026-06-03T19:58:41.658+05:30 DEBUG 10016 --- [project] [           main] org.hibernate.SQL                        : select u1_0.id,u1_0.address,u1_0.email,u1_0.name,u1_0.password,u1_0.phone,u1_0.reset_token,u1_0.reset_token_expiry,u1_0.role_id from users u1_0 where u1_0.email=?
Hibernate: select u1_0.id,u1_0.address,u1_0.email,u1_0.name,u1_0.password,u1_0.phone,u1_0.reset_token,u1_0.reset_token_expiry,u1_0.role_id from users u1_0 where u1_0.email=?
2026-06-03T19:58:41.661+05:30 DEBUG 10016 --- [project] [           main] org.hibernate.SQL                        : select r1_0.id,r1_0.name from roles r1_0 where r1_0.id=?
Hibernate: select r1_0.id,r1_0.name from roles r1_0 where r1_0.id=?
2026-06-03T19:58:41.671+05:30 DEBUG 10016 --- [project] [           main] org.hibernate.SQL                        : select u1_0.id,u1_0.address,u1_0.email,u1_0.name,u1_0.password,u1_0.phone,u1_0.reset_token,u1_0.reset_token_expiry,u1_0.role_id from users u1_0 where u1_0.email=?
Hibernate: select u1_0.id,u1_0.address,u1_0.email,u1_0.name,u1_0.password,u1_0.phone,u1_0.reset_token,u1_0.reset_token_expiry,u1_0.role_id from users u1_0 where u1_0.email=?
2026-06-03T19:58:41.674+05:30 DEBUG 10016 --- [project] [           main] org.hibernate.SQL                        : select r1_0.id,r1_0.name from roles r1_0 where r1_0.id=?
Hibernate: select r1_0.id,r1_0.name from roles r1_0 where r1_0.id=?
2026-06-03T19:58:41.690+05:30 DEBUG 10016 --- [project] [           main] org.hibernate.SQL                        : select c1_0.id,c1_0.compensation_paid,c1_0.farmer_id,c1_0.listed_date,c1_0.name,c1_0.price,c1_0.quantity,c1_0.shelf_life_days,c1_0.status from crops c1_0 left join users f1_0 on f1_0.id=c1_0.farmer_id where f1_0.id=?
Hibernate: select c1_0.id,c1_0.compensation_paid,c1_0.farmer_id,c1_0.listed_date,c1_0.name,c1_0.price,c1_0.quantity,c1_0.shelf_life_days,c1_0.status from crops c1_0 left join users f1_0 on f1_0.id=c1_0.farmer_id where f1_0.id=?
2026-06-03T19:58:41.697+05:30 DEBUG 10016 --- [project] [           main] org.hibernate.SQL                        : select u1_0.id,u1_0.address,u1_0.email,u1_0.name,u1_0.password,u1_0.phone,u1_0.reset_token,u1_0.reset_token_expiry,r1_0.id,r1_0.name from users u1_0 left join roles r1_0 on r1_0.id=u1_0.role_id where u1_0.id=?
Hibernate: select u1_0.id,u1_0.address,u1_0.email,u1_0.name,u1_0.password,u1_0.phone,u1_0.reset_token,u1_0.reset_token_expiry,r1_0.id,r1_0.name from users u1_0 left join roles r1_0 on r1_0.id=u1_0.role_id where u1_0.id=?
2026-06-03T19:58:41.713+05:30 DEBUG 10016 --- [project] [           main] org.hibernate.SQL                        : select c1_0.id,c1_0.compensation_paid,c1_0.farmer_id,c1_0.listed_date,c1_0.name,c1_0.price,c1_0.quantity,c1_0.shelf_life_days,c1_0.status from crops c1_0 left join users f1_0 on f1_0.id=c1_0.farmer_id where f1_0.id=?
Hibernate: select c1_0.id,c1_0.compensation_paid,c1_0.farmer_id,c1_0.listed_date,c1_0.name,c1_0.price,c1_0.quantity,c1_0.shelf_life_days,c1_0.status from crops c1_0 left join users f1_0 on f1_0.id=c1_0.farmer_id where f1_0.id=?
2026-06-03T19:58:41.716+05:30 DEBUG 10016 --- [project] [           main] org.hibernate.SQL                        : select u1_0.id,u1_0.address,u1_0.email,u1_0.name,u1_0.password,u1_0.phone,u1_0.reset_token,u1_0.reset_token_expiry,r1_0.id,r1_0.name from users u1_0 left join roles r1_0 on r1_0.id=u1_0.role_id where u1_0.id=?
Hibernate: select u1_0.id,u1_0.address,u1_0.email,u1_0.name,u1_0.password,u1_0.phone,u1_0.reset_token,u1_0.reset_token_expiry,r1_0.id,r1_0.name from users u1_0 left join roles r1_0 on r1_0.id=u1_0.role_id where u1_0.id=?
2026-06-03T19:58:41.729+05:30 DEBUG 10016 --- [project] [           main] org.hibernate.SQL                        : select c1_0.id,c1_0.compensation_paid,c1_0.farmer_id,c1_0.listed_date,c1_0.name,c1_0.price,c1_0.quantity,c1_0.shelf_life_days,c1_0.status from crops c1_0 left join users f1_0 on f1_0.id=c1_0.farmer_id where f1_0.id=?
Hibernate: select c1_0.id,c1_0.compensation_paid,c1_0.farmer_id,c1_0.listed_date,c1_0.name,c1_0.price,c1_0.quantity,c1_0.shelf_life_days,c1_0.status from crops c1_0 left join users f1_0 on f1_0.id=c1_0.farmer_id where f1_0.id=?
2026-06-03T19:58:41.737+05:30 DEBUG 10016 --- [project] [           main] org.hibernate.SQL                        : select u1_0.id,u1_0.address,u1_0.email,u1_0.name,u1_0.password,u1_0.phone,u1_0.reset_token,u1_0.reset_token_expiry,r1_0.id,r1_0.name from users u1_0 left join roles r1_0 on r1_0.id=u1_0.role_id where u1_0.id=?
Hibernate: select u1_0.id,u1_0.address,u1_0.email,u1_0.name,u1_0.password,u1_0.phone,u1_0.reset_token,u1_0.reset_token_expiry,r1_0.id,r1_0.name from users u1_0 left join roles r1_0 on r1_0.id=u1_0.role_id where u1_0.id=?
2026-06-03T19:58:41.750+05:30 DEBUG 10016 --- [project] [           main] org.hibernate.SQL                        : select c1_0.id,c1_0.compensation_paid,c1_0.farmer_id,c1_0.listed_date,c1_0.name,c1_0.price,c1_0.quantity,c1_0.shelf_life_days,c1_0.status from crops c1_0 left join users f1_0 on f1_0.id=c1_0.farmer_id where f1_0.id=?
Hibernate: select c1_0.id,c1_0.compensation_paid,c1_0.farmer_id,c1_0.listed_date,c1_0.name,c1_0.price,c1_0.quantity,c1_0.shelf_life_days,c1_0.status from crops c1_0 left join users f1_0 on f1_0.id=c1_0.farmer_id where f1_0.id=?
2026-06-03T19:58:41.758+05:30 DEBUG 10016 --- [project] [           main] org.hibernate.SQL                        : select u1_0.id,u1_0.address,u1_0.email,u1_0.name,u1_0.password,u1_0.phone,u1_0.reset_token,u1_0.reset_token_expiry,r1_0.id,r1_0.name from users u1_0 left join roles r1_0 on r1_0.id=u1_0.role_id where u1_0.id=?
Hibernate: select u1_0.id,u1_0.address,u1_0.email,u1_0.name,u1_0.password,u1_0.phone,u1_0.reset_token,u1_0.reset_token_expiry,r1_0.id,r1_0.name from users u1_0 left join roles r1_0 on r1_0.id=u1_0.role_id where u1_0.id=?
2026-06-03T19:58:41.771+05:30 DEBUG 10016 --- [project] [           main] org.hibernate.SQL                        : select c1_0.id,c1_0.compensation_paid,c1_0.farmer_id,c1_0.listed_date,c1_0.name,c1_0.price,c1_0.quantity,c1_0.shelf_life_days,c1_0.status from crops c1_0 left join users f1_0 on f1_0.id=c1_0.farmer_id where f1_0.id=?
Hibernate: select c1_0.id,c1_0.compensation_paid,c1_0.farmer_id,c1_0.listed_date,c1_0.name,c1_0.price,c1_0.quantity,c1_0.shelf_life_days,c1_0.status from crops c1_0 left join users f1_0 on f1_0.id=c1_0.farmer_id where f1_0.id=?
2026-06-03T19:58:41.779+05:30 DEBUG 10016 --- [project] [           main] org.hibernate.SQL                        : select u1_0.id,u1_0.address,u1_0.email,u1_0.name,u1_0.password,u1_0.phone,u1_0.reset_token,u1_0.reset_token_expiry,r1_0.id,r1_0.name from users u1_0 left join roles r1_0 on r1_0.id=u1_0.role_id where u1_0.id=?
Hibernate: select u1_0.id,u1_0.address,u1_0.email,u1_0.name,u1_0.password,u1_0.phone,u1_0.reset_token,u1_0.reset_token_expiry,r1_0.id,r1_0.name from users u1_0 left join roles r1_0 on r1_0.id=u1_0.role_id where u1_0.id=?
2026-06-03T19:58:41.798+05:30 DEBUG 10016 --- [project] [           main] org.hibernate.SQL                        : select c1_0.id,c1_0.compensation_paid,c1_0.farmer_id,c1_0.listed_date,c1_0.name,c1_0.price,c1_0.quantity,c1_0.shelf_life_days,c1_0.status from crops c1_0 left join users f1_0 on f1_0.id=c1_0.farmer_id where f1_0.id=?
Hibernate: select c1_0.id,c1_0.compensation_paid,c1_0.farmer_id,c1_0.listed_date,c1_0.name,c1_0.price,c1_0.quantity,c1_0.shelf_life_days,c1_0.status from crops c1_0 left join users f1_0 on f1_0.id=c1_0.farmer_id where f1_0.id=?
2026-06-03T19:58:41.801+05:30 DEBUG 10016 --- [project] [           main] org.hibernate.SQL                        : select u1_0.id,u1_0.address,u1_0.email,u1_0.name,u1_0.password,u1_0.phone,u1_0.reset_token,u1_0.reset_token_expiry,r1_0.id,r1_0.name from users u1_0 left join roles r1_0 on r1_0.id=u1_0.role_id where u1_0.id=?
Hibernate: select u1_0.id,u1_0.address,u1_0.email,u1_0.name,u1_0.password,u1_0.phone,u1_0.reset_token,u1_0.reset_token_expiry,r1_0.id,r1_0.name from users u1_0 left join roles r1_0 on r1_0.id=u1_0.role_id where u1_0.id=?
2026-06-03T19:58:41.813+05:30 DEBUG 10016 --- [project] [           main] org.hibernate.SQL                        : select c1_0.id,c1_0.compensation_paid,c1_0.farmer_id,c1_0.listed_date,c1_0.name,c1_0.price,c1_0.quantity,c1_0.shelf_life_days,c1_0.status from crops c1_0 left join users f1_0 on f1_0.id=c1_0.farmer_id where f1_0.id=?
Hibernate: select c1_0.id,c1_0.compensation_paid,c1_0.farmer_id,c1_0.listed_date,c1_0.name,c1_0.price,c1_0.quantity,c1_0.shelf_life_days,c1_0.status from crops c1_0 left join users f1_0 on f1_0.id=c1_0.farmer_id where f1_0.id=?
2026-06-03T19:58:41.822+05:30 DEBUG 10016 --- [project] [           main] org.hibernate.SQL                        : select u1_0.id,u1_0.address,u1_0.email,u1_0.name,u1_0.password,u1_0.phone,u1_0.reset_token,u1_0.reset_token_expiry,r1_0.id,r1_0.name from users u1_0 left join roles r1_0 on r1_0.id=u1_0.role_id where u1_0.id=?
Hibernate: select u1_0.id,u1_0.address,u1_0.email,u1_0.name,u1_0.password,u1_0.phone,u1_0.reset_token,u1_0.reset_token_expiry,r1_0.id,r1_0.name from users u1_0 left join roles r1_0 on r1_0.id=u1_0.role_id where u1_0.id=?
2026-06-03T19:58:41.860+05:30 DEBUG 10016 --- [project] [           main] org.hibernate.SQL                        : select c1_0.id,c1_0.compensation_paid,c1_0.farmer_id,c1_0.listed_date,c1_0.name,c1_0.price,c1_0.quantity,c1_0.shelf_life_days,c1_0.status from crops c1_0 left join users f1_0 on f1_0.id=c1_0.farmer_id where f1_0.id=?
Hibernate: select c1_0.id,c1_0.compensation_paid,c1_0.farmer_id,c1_0.listed_date,c1_0.name,c1_0.price,c1_0.quantity,c1_0.shelf_life_days,c1_0.status from crops c1_0 left join users f1_0 on f1_0.id=c1_0.farmer_id where f1_0.id=?
2026-06-03T19:58:41.866+05:30 DEBUG 10016 --- [project] [           main] org.hibernate.SQL                        : select u1_0.id,u1_0.address,u1_0.email,u1_0.name,u1_0.password,u1_0.phone,u1_0.reset_token,u1_0.reset_token_expiry,r1_0.id,r1_0.name from users u1_0 left join roles r1_0 on r1_0.id=u1_0.role_id where u1_0.id=?
Hibernate: select u1_0.id,u1_0.address,u1_0.email,u1_0.name,u1_0.password,u1_0.phone,u1_0.reset_token,u1_0.reset_token_expiry,r1_0.id,r1_0.name from users u1_0 left join roles r1_0 on r1_0.id=u1_0.role_id where u1_0.id=?
]]></system-out>
  </testcase>
</testsuite>